<?xml version="1.0" encoding="UTF-8"?>
<!-- Generated by org.testng.reporters.JUnitXMLReporter -->
<testsuite hostname="Jawahar-PC" ignored="0" name="Test" tests="3" failures="0" timestamp="2020-04-05T12:50:37 IST" time="76.183" errors="0">
  <testcase name="basePageNavigation" time="24.065" classname="Academy.HomePage"/>
  <testcase name="basePageNavigation" time="12.171" classname="Academy.HomePage"/>
  <testcase name="validateTitlename" time="0.111" classname="Academy.validateTitle"/>
</testsuite> <!-- Test -->
