<?xml version="1.0" encoding="UTF-8"?>
<!-- Generated by org.testng.reporters.JUnitXMLReporter -->
<testsuite hostname="Jawahar-PC" ignored="0" name="Test" tests="3" failures="0" timestamp="05 Apr 2020 09:55:49 GMT" time="41.767" errors="0">
  <testcase name="basePageNavigation" time="10.455" classname="Academy.HomePage"/>
  <testcase name="basePageNavigation" time="9.127" classname="Academy.HomePage"/>
  <testcase name="validateTitlename" time="0.046" classname="Academy.validateTitle"/>
</testsuite> <!-- Test -->
